build/app/intermediates/manifest_merge_blame_file/release/manifest-merger-blame-release-report.txt
1<?xml version="1.0" encoding="utf-8"?>
2<manifest xmlns:android="http://schemas.android.com/apk/res/android"
3    package="com.companydomain.eventlink"
4    android:versionCode="1"
5    android:versionName="1.0.0" >
6
7    <uses-sdk
8        android:minSdkVersion="23"
8-->src\main\AndroidManifest.xml
9        android:targetSdkVersion="34" />
9-->src\main\AndroidManifest.xml
10    <!--
11         Required to query activities that can process text, see:
12         https://developer.android.com/training/package-visibility and
13         https://developer.android.com/reference/android/content/Intent#ACTION_PROCESS_TEXT.
14
15         In particular, this is used by the Flutter engine in io.flutter.plugin.text.ProcessTextPlugin.
16    -->
17    <queries>
17-->src\main\AndroidManifest.xml:41:5-46:15
18        <intent>
18-->src\main\AndroidManifest.xml:42:9-45:18
19            <action android:name="android.intent.action.PROCESS_TEXT" />
19-->src\main\AndroidManifest.xml:43:13-72
19-->src\main\AndroidManifest.xml:43:21-70
20
21            <data android:mimeType="text/plain" />
21-->src\main\AndroidManifest.xml:44:13-50
21-->src\main\AndroidManifest.xml:44:19-48
22        </intent>
23    </queries>
24
25    <uses-permission android:name="android.permission.INTERNET" />
25-->[:firebase_messaging] AndroidManifest.xml:9:5-67
25-->[:firebase_messaging] AndroidManifest.xml:9:22-64
26    <uses-permission android:name="android.permission.WAKE_LOCK" />
26-->[:firebase_messaging] AndroidManifest.xml:10:5-68
26-->[:firebase_messaging] AndroidManifest.xml:10:22-65
27    <uses-permission android:name="android.permission.ACCESS_NETWORK_STATE" /> <!-- Permissions options for the `notification` group -->
27-->[:firebase_messaging] AndroidManifest.xml:11:5-79
27-->[:firebase_messaging] AndroidManifest.xml:11:22-76
28    <uses-permission android:name="android.permission.POST_NOTIFICATIONS" />
28-->[:firebase_messaging] AndroidManifest.xml:13:5-77
28-->[:firebase_messaging] AndroidManifest.xml:13:22-74
29    <uses-permission android:name="android.permission.VIBRATE" /> <!-- Required by older versions of Google Play services to create IID tokens -->
29-->[:flutter_local_notifications] AndroidManifest.xml:9:5-66
29-->[:flutter_local_notifications] AndroidManifest.xml:9:22-63
30    <uses-permission android:name="com.google.android.c2dm.permission.RECEIVE" />
30-->[com.google.firebase:firebase-messaging:24.0.1] AndroidManifest.xml:26:5-82
30-->[com.google.firebase:firebase-messaging:24.0.1] AndroidManifest.xml:26:22-79
31    <uses-permission android:name="com.google.android.gms.permission.AD_ID" />
31-->[com.google.android.gms:play-services-measurement-api:22.1.0] AndroidManifest.xml:25:5-79
31-->[com.google.android.gms:play-services-measurement-api:22.1.0] AndroidManifest.xml:25:22-76
32    <uses-permission android:name="android.permission.ACCESS_ADSERVICES_ATTRIBUTION" />
32-->[com.google.android.gms:play-services-measurement-api:22.1.0] AndroidManifest.xml:26:5-88
32-->[com.google.android.gms:play-services-measurement-api:22.1.0] AndroidManifest.xml:26:22-85
33    <uses-permission android:name="android.permission.ACCESS_ADSERVICES_AD_ID" />
33-->[com.google.android.gms:play-services-measurement-api:22.1.0] AndroidManifest.xml:27:5-82
33-->[com.google.android.gms:play-services-measurement-api:22.1.0] AndroidManifest.xml:27:22-79
34    <uses-permission android:name="com.google.android.providers.gsf.permission.READ_GSERVICES" />
34-->[com.google.android.recaptcha:recaptcha:18.4.0] AndroidManifest.xml:9:5-98
34-->[com.google.android.recaptcha:recaptcha:18.4.0] AndroidManifest.xml:9:22-95
35    <uses-permission android:name="com.google.android.finsky.permission.BIND_GET_INSTALL_REFERRER_SERVICE" />
35-->[com.google.android.gms:play-services-measurement:22.1.0] AndroidManifest.xml:26:5-110
35-->[com.google.android.gms:play-services-measurement:22.1.0] AndroidManifest.xml:26:22-107
36
37    <permission
37-->[androidx.core:core:1.13.1] AndroidManifest.xml:22:5-24:47
38        android:name="com.companydomain.eventlink.DYNAMIC_RECEIVER_NOT_EXPORTED_PERMISSION"
38-->[androidx.core:core:1.13.1] AndroidManifest.xml:23:9-81
39        android:protectionLevel="signature" />
39-->[androidx.core:core:1.13.1] AndroidManifest.xml:24:9-44
40
41    <uses-permission android:name="com.companydomain.eventlink.DYNAMIC_RECEIVER_NOT_EXPORTED_PERMISSION" />
41-->[androidx.core:core:1.13.1] AndroidManifest.xml:26:5-97
41-->[androidx.core:core:1.13.1] AndroidManifest.xml:26:22-94
42
43    <application
44        android:name="android.app.Application"
44-->src\main\AndroidManifest.xml:4:9-42
45        android:appComponentFactory="androidx.core.app.CoreComponentFactory"
45-->[androidx.core:core:1.13.1] AndroidManifest.xml:28:18-86
46        android:extractNativeLibs="false"
47        android:icon="@mipmap/ic_launcher"
47-->src\main\AndroidManifest.xml:5:9-43
48        android:label="Eventlink" >
48-->src\main\AndroidManifest.xml:3:9-34
49        <activity
49-->src\main\AndroidManifest.xml:6:9-29:20
50            android:name="com.example.transitease_app.MainActivity"
50-->src\main\AndroidManifest.xml:7:13-41
51            android:configChanges="orientation|keyboardHidden|keyboard|screenSize|smallestScreenSize|locale|layoutDirection|fontScale|screenLayout|density|uiMode"
51-->src\main\AndroidManifest.xml:12:13-163
52            android:exported="true"
52-->src\main\AndroidManifest.xml:8:13-36
53            android:hardwareAccelerated="true"
53-->src\main\AndroidManifest.xml:13:13-47
54            android:launchMode="singleTop"
54-->src\main\AndroidManifest.xml:9:13-43
55            android:taskAffinity=""
55-->src\main\AndroidManifest.xml:10:13-36
56            android:theme="@style/LaunchTheme"
56-->src\main\AndroidManifest.xml:11:13-47
57            android:windowSoftInputMode="adjustResize" >
57-->src\main\AndroidManifest.xml:14:13-55
58
59            <!--
60                 Specifies an Android theme to apply to this Activity as soon as
61                 the Android process has started. This theme is visible to the user
62                 while the Flutter UI initializes. After that, this theme continues
63                 to determine the Window background behind the Flutter UI.
64            -->
65            <meta-data
65-->src\main\AndroidManifest.xml:19:13-22:17
66                android:name="io.flutter.embedding.android.NormalTheme"
66-->src\main\AndroidManifest.xml:20:15-70
67                android:resource="@style/NormalTheme" />
67-->src\main\AndroidManifest.xml:21:15-52
68
69            <intent-filter>
69-->src\main\AndroidManifest.xml:25:13-28:29
70                <action android:name="android.intent.action.MAIN" />
70-->src\main\AndroidManifest.xml:26:17-68
70-->src\main\AndroidManifest.xml:26:25-66
71
72                <category android:name="android.intent.category.LAUNCHER" />
72-->src\main\AndroidManifest.xml:27:17-76
72-->src\main\AndroidManifest.xml:27:27-74
73            </intent-filter>
74        </activity>
75        <!--
76             Don't delete the meta-data below.
77             This is used by the Flutter tool to generate GeneratedPluginRegistrant.java
78        -->
79        <meta-data
79-->src\main\AndroidManifest.xml:32:9-34:33
80            android:name="flutterEmbedding"
80-->src\main\AndroidManifest.xml:33:13-44
81            android:value="2" />
81-->src\main\AndroidManifest.xml:34:13-30
82
83        <service
83-->[:cloud_firestore] AndroidManifest.xml:10:9-14:19
84            android:name="com.google.firebase.components.ComponentDiscoveryService"
84-->[:cloud_firestore] AndroidManifest.xml:10:18-89
85            android:directBootAware="true"
85-->[com.google.firebase:firebase-common:21.0.0] AndroidManifest.xml:32:13-43
86            android:exported="false" >
86-->[com.google.firebase:firebase-auth:23.0.0] AndroidManifest.xml:68:13-37
87            <meta-data
87-->[:cloud_firestore] AndroidManifest.xml:11:13-13:85
88                android:name="com.google.firebase.components:io.flutter.plugins.firebase.firestore.FlutterFirebaseFirestoreRegistrar"
88-->[:cloud_firestore] AndroidManifest.xml:12:17-134
89                android:value="com.google.firebase.components.ComponentRegistrar" />
89-->[:cloud_firestore] AndroidManifest.xml:13:17-82
90            <meta-data
90-->[:firebase_auth] AndroidManifest.xml:11:13-13:85
91                android:name="com.google.firebase.components:io.flutter.plugins.firebase.auth.FlutterFirebaseAuthRegistrar"
91-->[:firebase_auth] AndroidManifest.xml:12:17-124
92                android:value="com.google.firebase.components.ComponentRegistrar" />
92-->[:firebase_auth] AndroidManifest.xml:13:17-82
93            <meta-data
93-->[:firebase_messaging] AndroidManifest.xml:38:13-40:85
94                android:name="com.google.firebase.components:io.flutter.plugins.firebase.messaging.FlutterFirebaseAppRegistrar"
94-->[:firebase_messaging] AndroidManifest.xml:39:17-128
95                android:value="com.google.firebase.components.ComponentRegistrar" />
95-->[:firebase_messaging] AndroidManifest.xml:40:17-82
96            <meta-data
96-->[:firebase_core] AndroidManifest.xml:11:13-13:85
97                android:name="com.google.firebase.components:io.flutter.plugins.firebase.core.FlutterFirebaseCoreRegistrar"
97-->[:firebase_core] AndroidManifest.xml:12:17-124
98                android:value="com.google.firebase.components.ComponentRegistrar" />
98-->[:firebase_core] AndroidManifest.xml:13:17-82
99            <meta-data
99-->[com.google.firebase:firebase-auth:23.0.0] AndroidManifest.xml:69:13-71:85
100                android:name="com.google.firebase.components:com.google.firebase.auth.FirebaseAuthRegistrar"
100-->[com.google.firebase:firebase-auth:23.0.0] AndroidManifest.xml:70:17-109
101                android:value="com.google.firebase.components.ComponentRegistrar" />
101-->[com.google.firebase:firebase-auth:23.0.0] AndroidManifest.xml:71:17-82
102            <meta-data
102-->[com.google.firebase:firebase-firestore:25.1.0] AndroidManifest.xml:17:13-19:85
103                android:name="com.google.firebase.components:com.google.firebase.firestore.FirebaseFirestoreKtxRegistrar"
103-->[com.google.firebase:firebase-firestore:25.1.0] AndroidManifest.xml:18:17-122
104                android:value="com.google.firebase.components.ComponentRegistrar" />
104-->[com.google.firebase:firebase-firestore:25.1.0] AndroidManifest.xml:19:17-82
105            <meta-data
105-->[com.google.firebase:firebase-firestore:25.1.0] AndroidManifest.xml:20:13-22:85
106                android:name="com.google.firebase.components:com.google.firebase.firestore.FirestoreRegistrar"
106-->[com.google.firebase:firebase-firestore:25.1.0] AndroidManifest.xml:21:17-111
107                android:value="com.google.firebase.components.ComponentRegistrar" />
107-->[com.google.firebase:firebase-firestore:25.1.0] AndroidManifest.xml:22:17-82
108            <meta-data
108-->[com.google.firebase:firebase-messaging:24.0.1] AndroidManifest.xml:57:13-59:85
109                android:name="com.google.firebase.components:com.google.firebase.messaging.FirebaseMessagingKtxRegistrar"
109-->[com.google.firebase:firebase-messaging:24.0.1] AndroidManifest.xml:58:17-122
110                android:value="com.google.firebase.components.ComponentRegistrar" />
110-->[com.google.firebase:firebase-messaging:24.0.1] AndroidManifest.xml:59:17-82
111            <meta-data
111-->[com.google.firebase:firebase-messaging:24.0.1] AndroidManifest.xml:60:13-62:85
112                android:name="com.google.firebase.components:com.google.firebase.messaging.FirebaseMessagingRegistrar"
112-->[com.google.firebase:firebase-messaging:24.0.1] AndroidManifest.xml:61:17-119
113                android:value="com.google.firebase.components.ComponentRegistrar" />
113-->[com.google.firebase:firebase-messaging:24.0.1] AndroidManifest.xml:62:17-82
114            <meta-data
114-->[com.google.android.gms:play-services-measurement-api:22.1.0] AndroidManifest.xml:37:13-39:85
115                android:name="com.google.firebase.components:com.google.firebase.analytics.connector.internal.AnalyticsConnectorRegistrar"
115-->[com.google.android.gms:play-services-measurement-api:22.1.0] AndroidManifest.xml:38:17-139
116                android:value="com.google.firebase.components.ComponentRegistrar" />
116-->[com.google.android.gms:play-services-measurement-api:22.1.0] AndroidManifest.xml:39:17-82
117            <meta-data
117-->[com.google.firebase:firebase-installations:18.0.0] AndroidManifest.xml:15:13-17:85
118                android:name="com.google.firebase.components:com.google.firebase.installations.FirebaseInstallationsKtxRegistrar"
118-->[com.google.firebase:firebase-installations:18.0.0] AndroidManifest.xml:16:17-130
119                android:value="com.google.firebase.components.ComponentRegistrar" />
119-->[com.google.firebase:firebase-installations:18.0.0] AndroidManifest.xml:17:17-82
120            <meta-data
120-->[com.google.firebase:firebase-installations:18.0.0] AndroidManifest.xml:18:13-20:85
121                android:name="com.google.firebase.components:com.google.firebase.installations.FirebaseInstallationsRegistrar"
121-->[com.google.firebase:firebase-installations:18.0.0] AndroidManifest.xml:19:17-127
122                android:value="com.google.firebase.components.ComponentRegistrar" />
122-->[com.google.firebase:firebase-installations:18.0.0] AndroidManifest.xml:20:17-82
123            <meta-data
123-->[com.google.firebase:firebase-common-ktx:21.0.0] AndroidManifest.xml:12:13-14:85
124                android:name="com.google.firebase.components:com.google.firebase.ktx.FirebaseCommonLegacyRegistrar"
124-->[com.google.firebase:firebase-common-ktx:21.0.0] AndroidManifest.xml:13:17-116
125                android:value="com.google.firebase.components.ComponentRegistrar" />
125-->[com.google.firebase:firebase-common-ktx:21.0.0] AndroidManifest.xml:14:17-82
126            <meta-data
126-->[com.google.firebase:firebase-common:21.0.0] AndroidManifest.xml:35:13-37:85
127                android:name="com.google.firebase.components:com.google.firebase.FirebaseCommonKtxRegistrar"
127-->[com.google.firebase:firebase-common:21.0.0] AndroidManifest.xml:36:17-109
128                android:value="com.google.firebase.components.ComponentRegistrar" />
128-->[com.google.firebase:firebase-common:21.0.0] AndroidManifest.xml:37:17-82
129            <meta-data
129-->[com.google.firebase:firebase-datatransport:18.2.0] AndroidManifest.xml:25:13-27:85
130                android:name="com.google.firebase.components:com.google.firebase.datatransport.TransportRegistrar"
130-->[com.google.firebase:firebase-datatransport:18.2.0] AndroidManifest.xml:26:17-115
131                android:value="com.google.firebase.components.ComponentRegistrar" />
131-->[com.google.firebase:firebase-datatransport:18.2.0] AndroidManifest.xml:27:17-82
132        </service>
133        <service
133-->[:firebase_messaging] AndroidManifest.xml:16:9-19:72
134            android:name="io.flutter.plugins.firebase.messaging.FlutterFirebaseMessagingBackgroundService"
134-->[:firebase_messaging] AndroidManifest.xml:17:13-107
135            android:exported="false"
135-->[:firebase_messaging] AndroidManifest.xml:18:13-37
136            android:permission="android.permission.BIND_JOB_SERVICE" />
136-->[:firebase_messaging] AndroidManifest.xml:19:13-69
137        <service
137-->[:firebase_messaging] AndroidManifest.xml:20:9-26:19
138            android:name="io.flutter.plugins.firebase.messaging.FlutterFirebaseMessagingService"
138-->[:firebase_messaging] AndroidManifest.xml:21:13-97
139            android:exported="false" >
139-->[:firebase_messaging] AndroidManifest.xml:22:13-37
140            <intent-filter>
140-->[:firebase_messaging] AndroidManifest.xml:23:13-25:29
141                <action android:name="com.google.firebase.MESSAGING_EVENT" />
141-->[:firebase_messaging] AndroidManifest.xml:24:17-78
141-->[:firebase_messaging] AndroidManifest.xml:24:25-75
142            </intent-filter>
143        </service>
144
145        <receiver
145-->[:firebase_messaging] AndroidManifest.xml:28:9-35:20
146            android:name="io.flutter.plugins.firebase.messaging.FlutterFirebaseMessagingReceiver"
146-->[:firebase_messaging] AndroidManifest.xml:29:13-98
147            android:exported="true"
147-->[:firebase_messaging] AndroidManifest.xml:30:13-36
148            android:permission="com.google.android.c2dm.permission.SEND" >
148-->[:firebase_messaging] AndroidManifest.xml:31:13-73
149            <intent-filter>
149-->[:firebase_messaging] AndroidManifest.xml:32:13-34:29
150                <action android:name="com.google.android.c2dm.intent.RECEIVE" />
150-->[:firebase_messaging] AndroidManifest.xml:33:17-81
150-->[:firebase_messaging] AndroidManifest.xml:33:25-78
151            </intent-filter>
152        </receiver>
153
154        <provider
154-->[:firebase_messaging] AndroidManifest.xml:43:9-47:38
155            android:name="io.flutter.plugins.firebase.messaging.FlutterFirebaseMessagingInitProvider"
155-->[:firebase_messaging] AndroidManifest.xml:44:13-102
156            android:authorities="com.companydomain.eventlink.flutterfirebasemessaginginitprovider"
156-->[:firebase_messaging] AndroidManifest.xml:45:13-88
157            android:exported="false"
157-->[:firebase_messaging] AndroidManifest.xml:46:13-37
158            android:initOrder="99" />
158-->[:firebase_messaging] AndroidManifest.xml:47:13-35
159
160        <activity
160-->[com.google.firebase:firebase-auth:23.0.0] AndroidManifest.xml:29:9-46:20
161            android:name="com.google.firebase.auth.internal.GenericIdpActivity"
161-->[com.google.firebase:firebase-auth:23.0.0] AndroidManifest.xml:30:13-80
162            android:excludeFromRecents="true"
162-->[com.google.firebase:firebase-auth:23.0.0] AndroidManifest.xml:31:13-46
163            android:exported="true"
163-->[com.google.firebase:firebase-auth:23.0.0] AndroidManifest.xml:32:13-36
164            android:launchMode="singleTask"
164-->[com.google.firebase:firebase-auth:23.0.0] AndroidManifest.xml:33:13-44
165            android:theme="@android:style/Theme.Translucent.NoTitleBar" >
165-->[com.google.firebase:firebase-auth:23.0.0] AndroidManifest.xml:34:13-72
166            <intent-filter>
166-->[com.google.firebase:firebase-auth:23.0.0] AndroidManifest.xml:35:13-45:29
167                <action android:name="android.intent.action.VIEW" />
167-->[com.google.firebase:firebase-auth:23.0.0] AndroidManifest.xml:36:17-69
167-->[com.google.firebase:firebase-auth:23.0.0] AndroidManifest.xml:36:25-66
168
169                <category android:name="android.intent.category.DEFAULT" />
169-->[com.google.firebase:firebase-auth:23.0.0] AndroidManifest.xml:38:17-76
169-->[com.google.firebase:firebase-auth:23.0.0] AndroidManifest.xml:38:27-73
170                <category android:name="android.intent.category.BROWSABLE" />
170-->[com.google.firebase:firebase-auth:23.0.0] AndroidManifest.xml:39:17-78
170-->[com.google.firebase:firebase-auth:23.0.0] AndroidManifest.xml:39:27-75
171
172                <data
172-->src\main\AndroidManifest.xml:44:13-50
173                    android:host="firebase.auth"
174                    android:path="/"
175                    android:scheme="genericidp" />
176            </intent-filter>
177        </activity>
178        <activity
178-->[com.google.firebase:firebase-auth:23.0.0] AndroidManifest.xml:47:9-64:20
179            android:name="com.google.firebase.auth.internal.RecaptchaActivity"
179-->[com.google.firebase:firebase-auth:23.0.0] AndroidManifest.xml:48:13-79
180            android:excludeFromRecents="true"
180-->[com.google.firebase:firebase-auth:23.0.0] AndroidManifest.xml:49:13-46
181            android:exported="true"
181-->[com.google.firebase:firebase-auth:23.0.0] AndroidManifest.xml:50:13-36
182            android:launchMode="singleTask"
182-->[com.google.firebase:firebase-auth:23.0.0] AndroidManifest.xml:51:13-44
183            android:theme="@android:style/Theme.Translucent.NoTitleBar" >
183-->[com.google.firebase:firebase-auth:23.0.0] AndroidManifest.xml:52:13-72
184            <intent-filter>
184-->[com.google.firebase:firebase-auth:23.0.0] AndroidManifest.xml:53:13-63:29
185                <action android:name="android.intent.action.VIEW" />
185-->[com.google.firebase:firebase-auth:23.0.0] AndroidManifest.xml:36:17-69
185-->[com.google.firebase:firebase-auth:23.0.0] AndroidManifest.xml:36:25-66
186
187                <category android:name="android.intent.category.DEFAULT" />
187-->[com.google.firebase:firebase-auth:23.0.0] AndroidManifest.xml:38:17-76
187-->[com.google.firebase:firebase-auth:23.0.0] AndroidManifest.xml:38:27-73
188                <category android:name="android.intent.category.BROWSABLE" />
188-->[com.google.firebase:firebase-auth:23.0.0] AndroidManifest.xml:39:17-78
188-->[com.google.firebase:firebase-auth:23.0.0] AndroidManifest.xml:39:27-75
189
190                <data
190-->src\main\AndroidManifest.xml:44:13-50
191                    android:host="firebase.auth"
192                    android:path="/"
193                    android:scheme="recaptcha" />
194            </intent-filter>
195        </activity>
196
197        <receiver
197-->[com.google.firebase:firebase-messaging:24.0.1] AndroidManifest.xml:29:9-40:20
198            android:name="com.google.firebase.iid.FirebaseInstanceIdReceiver"
198-->[com.google.firebase:firebase-messaging:24.0.1] AndroidManifest.xml:30:13-78
199            android:exported="true"
199-->[com.google.firebase:firebase-messaging:24.0.1] AndroidManifest.xml:31:13-36
200            android:permission="com.google.android.c2dm.permission.SEND" >
200-->[com.google.firebase:firebase-messaging:24.0.1] AndroidManifest.xml:32:13-73
201            <intent-filter>
201-->[:firebase_messaging] AndroidManifest.xml:32:13-34:29
202                <action android:name="com.google.android.c2dm.intent.RECEIVE" />
202-->[:firebase_messaging] AndroidManifest.xml:33:17-81
202-->[:firebase_messaging] AndroidManifest.xml:33:25-78
203            </intent-filter>
204
205            <meta-data
205-->[com.google.firebase:firebase-messaging:24.0.1] AndroidManifest.xml:37:13-39:40
206                android:name="com.google.android.gms.cloudmessaging.FINISHED_AFTER_HANDLED"
206-->[com.google.firebase:firebase-messaging:24.0.1] AndroidManifest.xml:38:17-92
207                android:value="true" />
207-->[com.google.firebase:firebase-messaging:24.0.1] AndroidManifest.xml:39:17-37
208        </receiver>
209        <!--
210             FirebaseMessagingService performs security checks at runtime,
211             but set to not exported to explicitly avoid allowing another app to call it.
212        -->
213        <service
213-->[com.google.firebase:firebase-messaging:24.0.1] AndroidManifest.xml:46:9-53:19
214            android:name="com.google.firebase.messaging.FirebaseMessagingService"
214-->[com.google.firebase:firebase-messaging:24.0.1] AndroidManifest.xml:47:13-82
215            android:directBootAware="true"
215-->[com.google.firebase:firebase-messaging:24.0.1] AndroidManifest.xml:48:13-43
216            android:exported="false" >
216-->[com.google.firebase:firebase-messaging:24.0.1] AndroidManifest.xml:49:13-37
217            <intent-filter android:priority="-500" >
217-->[:firebase_messaging] AndroidManifest.xml:23:13-25:29
218                <action android:name="com.google.firebase.MESSAGING_EVENT" />
218-->[:firebase_messaging] AndroidManifest.xml:24:17-78
218-->[:firebase_messaging] AndroidManifest.xml:24:25-75
219            </intent-filter>
220        </service>
221
222        <property
222-->[com.google.android.gms:play-services-measurement-api:22.1.0] AndroidManifest.xml:30:9-32:61
223            android:name="android.adservices.AD_SERVICES_CONFIG"
223-->[com.google.android.gms:play-services-measurement-api:22.1.0] AndroidManifest.xml:31:13-65
224            android:resource="@xml/ga_ad_services_config" />
224-->[com.google.android.gms:play-services-measurement-api:22.1.0] AndroidManifest.xml:32:13-58
225
226        <service
226-->[androidx.credentials:credentials-play-services-auth:1.2.0-rc01] AndroidManifest.xml:24:9-32:19
227            android:name="androidx.credentials.playservices.CredentialProviderMetadataHolder"
227-->[androidx.credentials:credentials-play-services-auth:1.2.0-rc01] AndroidManifest.xml:25:13-94
228            android:enabled="true"
228-->[androidx.credentials:credentials-play-services-auth:1.2.0-rc01] AndroidManifest.xml:26:13-35
229            android:exported="false" >
229-->[androidx.credentials:credentials-play-services-auth:1.2.0-rc01] AndroidManifest.xml:27:13-37
230            <meta-data
230-->[androidx.credentials:credentials-play-services-auth:1.2.0-rc01] AndroidManifest.xml:29:13-31:104
231                android:name="androidx.credentials.CREDENTIAL_PROVIDER_KEY"
231-->[androidx.credentials:credentials-play-services-auth:1.2.0-rc01] AndroidManifest.xml:30:17-76
232                android:value="androidx.credentials.playservices.CredentialProviderPlayServicesImpl" />
232-->[androidx.credentials:credentials-play-services-auth:1.2.0-rc01] AndroidManifest.xml:31:17-101
233        </service>
234
235        <activity
235-->[androidx.credentials:credentials-play-services-auth:1.2.0-rc01] AndroidManifest.xml:34:9-41:20
236            android:name="androidx.credentials.playservices.HiddenActivity"
236-->[androidx.credentials:credentials-play-services-auth:1.2.0-rc01] AndroidManifest.xml:35:13-76
237            android:configChanges="orientation|screenSize|screenLayout|keyboardHidden"
237-->[androidx.credentials:credentials-play-services-auth:1.2.0-rc01] AndroidManifest.xml:36:13-87
238            android:enabled="true"
238-->[androidx.credentials:credentials-play-services-auth:1.2.0-rc01] AndroidManifest.xml:37:13-35
239            android:exported="false"
239-->[androidx.credentials:credentials-play-services-auth:1.2.0-rc01] AndroidManifest.xml:38:13-37
240            android:fitsSystemWindows="true"
240-->[androidx.credentials:credentials-play-services-auth:1.2.0-rc01] AndroidManifest.xml:39:13-45
241            android:theme="@style/Theme.Hidden" >
241-->[androidx.credentials:credentials-play-services-auth:1.2.0-rc01] AndroidManifest.xml:40:13-48
242        </activity>
243
244        <provider
244-->[com.google.firebase:firebase-common:21.0.0] AndroidManifest.xml:23:9-28:39
245            android:name="com.google.firebase.provider.FirebaseInitProvider"
245-->[com.google.firebase:firebase-common:21.0.0] AndroidManifest.xml:24:13-77
246            android:authorities="com.companydomain.eventlink.firebaseinitprovider"
246-->[com.google.firebase:firebase-common:21.0.0] AndroidManifest.xml:25:13-72
247            android:directBootAware="true"
247-->[com.google.firebase:firebase-common:21.0.0] AndroidManifest.xml:26:13-43
248            android:exported="false"
248-->[com.google.firebase:firebase-common:21.0.0] AndroidManifest.xml:27:13-37
249            android:initOrder="100" />
249-->[com.google.firebase:firebase-common:21.0.0] AndroidManifest.xml:28:13-36
250
251        <activity
251-->[com.google.android.gms:play-services-auth:20.7.0] AndroidManifest.xml:23:9-27:75
252            android:name="com.google.android.gms.auth.api.signin.internal.SignInHubActivity"
252-->[com.google.android.gms:play-services-auth:20.7.0] AndroidManifest.xml:24:13-93
253            android:excludeFromRecents="true"
253-->[com.google.android.gms:play-services-auth:20.7.0] AndroidManifest.xml:25:13-46
254            android:exported="false"
254-->[com.google.android.gms:play-services-auth:20.7.0] AndroidManifest.xml:26:13-37
255            android:theme="@android:style/Theme.Translucent.NoTitleBar" />
255-->[com.google.android.gms:play-services-auth:20.7.0] AndroidManifest.xml:27:13-72
256        <!--
257            Service handling Google Sign-In user revocation. For apps that do not integrate with
258            Google Sign-In, this service will never be started.
259        -->
260        <service
260-->[com.google.android.gms:play-services-auth:20.7.0] AndroidManifest.xml:33:9-37:51
261            android:name="com.google.android.gms.auth.api.signin.RevocationBoundService"
261-->[com.google.android.gms:play-services-auth:20.7.0] AndroidManifest.xml:34:13-89
262            android:exported="true"
262-->[com.google.android.gms:play-services-auth:20.7.0] AndroidManifest.xml:35:13-36
263            android:permission="com.google.android.gms.auth.api.signin.permission.REVOCATION_NOTIFICATION"
263-->[com.google.android.gms:play-services-auth:20.7.0] AndroidManifest.xml:36:13-107
264            android:visibleToInstantApps="true" />
264-->[com.google.android.gms:play-services-auth:20.7.0] AndroidManifest.xml:37:13-48
265
266        <activity
266-->[com.google.android.gms:play-services-base:18.0.1] AndroidManifest.xml:20:9-22:45
267            android:name="com.google.android.gms.common.api.GoogleApiActivity"
267-->[com.google.android.gms:play-services-base:18.0.1] AndroidManifest.xml:20:19-85
268            android:exported="false"
268-->[com.google.android.gms:play-services-base:18.0.1] AndroidManifest.xml:22:19-43
269            android:theme="@android:style/Theme.Translucent.NoTitleBar" />
269-->[com.google.android.gms:play-services-base:18.0.1] AndroidManifest.xml:21:19-78
270
271        <receiver
271-->[com.google.android.gms:play-services-measurement:22.1.0] AndroidManifest.xml:29:9-33:20
272            android:name="com.google.android.gms.measurement.AppMeasurementReceiver"
272-->[com.google.android.gms:play-services-measurement:22.1.0] AndroidManifest.xml:30:13-85
273            android:enabled="true"
273-->[com.google.android.gms:play-services-measurement:22.1.0] AndroidManifest.xml:31:13-35
274            android:exported="false" >
274-->[com.google.android.gms:play-services-measurement:22.1.0] AndroidManifest.xml:32:13-37